<?xml version="1.0" encoding="UTF-8"?>
<coverage generated="1558598584776" clover="3.2.0">
  <project timestamp="1558598584776" name="All files">
    <metrics statements="3" coveredstatements="2" conditionals="0" coveredconditionals="0" methods="2" coveredmethods="2" elements="5" coveredelements="4" complexity="0" loc="3" ncloc="3" packages="2" files="2" classes="2"/>
    <package name="components">
      <metrics statements="2" coveredstatements="2" conditionals="0" coveredconditionals="0" methods="2" coveredmethods="2"/>
      <file name="Logo.vue" path="/home/maslo/dev/sites/study/nuxtjs/nuxt_project_1/components/Logo.vue">
        <metrics statements="2" coveredstatements="2" conditionals="0" coveredconditionals="0" methods="2" coveredmethods="2"/>
        <line num="14" count="2" type="stmt"/>
        <line num="21" count="3" type="stmt"/>
      </file>
    </package>
    <package name="pages">
      <metrics statements="1" coveredstatements="0" conditionals="0" coveredconditionals="0" methods="0" coveredmethods="0"/>
      <file name="index.vue" path="/home/maslo/dev/sites/study/nuxtjs/nuxt_project_1/pages/index.vue">
        <metrics statements="1" coveredstatements="0" conditionals="0" coveredconditionals="0" methods="0" coveredmethods="0"/>
        <line num="28" count="0" type="stmt"/>
      </file>
    </package>
  </project>
</coverage>
