{"/home/maslo/dev/sites/study/nuxtjs/nuxt_project_1/components/Logo.vue": {"path":"/home/maslo/dev/sites/study/nuxtjs/nuxt_project_1/components/Logo.vue","statementMap":{"0":{"start":{"line":14,"column":0},"end":{"line":14,"column":null}},"1":{"start":{"line":21,"column":0},"end":{"line":21,"column":null}}},"fnMap":{"0":{"name":"(anonymous_1)","decl":{"start":{"line":13,"column":0},"end":{"line":13,"column":null}},"loc":{"start":{"line":13,"column":0},"end":{"line":18,"column":null}}},"1":{"name":"(anonymous_2)","decl":{"start":{"line":20,"column":0},"end":{"line":20,"column":null}},"loc":{"start":{"line":20,"column":0},"end":{"line":22,"column":null}}}},"branchMap":{},"s":{"0":2,"1":3},"f":{"0":2,"1":3},"b":{}}
,"/home/maslo/dev/sites/study/nuxtjs/nuxt_project_1/pages/index.vue": {"path":"/home/maslo/dev/sites/study/nuxtjs/nuxt_project_1/pages/index.vue","statementMap":{"0":{"start":{"line":28,"column":0},"end":{"line":28,"column":null}}},"fnMap":{},"branchMap":{},"s":{"0":0},"f":{},"b":{}}
}
